1                                                          The SAS System                            08:41 Friday, December 12, 2025

NOTE: Copyright (c) 2002-2012 by SAS Institute Inc., Cary, NC, USA. 
NOTE: SAS (r) Proprietary Software 9.4 (TS1M4) 
      Licensed to UNIVERSITY OF NORTH CAROLINA CHAPEL HILL - SFA T&R, Site 70022629.
NOTE: This session is executing on the W32_10PRO  platform.



NOTE: Updated analytical products:
      
      SAS/STAT 14.2
      SAS/ETS 14.2
      SAS/OR 14.2
      SAS/IML 14.2
      SAS/QC 14.2

NOTE: Additional host information:

 W32_10PRO WIN 10.0.22621  Workstation

NOTE: SAS initialization used:
      real time           31.41 seconds
      cpu time            0.13 seconds
      
1          /*---------------------------------------------------------------------------------------
2          
3          	Program: s1_sudaan_cont.sas
4          
5          	Purpose: Fit a GEE model for continuous outcomes using SUDAAN's REGRESS procedure
6          	across multiple imputed datasets and combine the results using MIANALYZE.
7          
8          	Author: Quijano-Angarita, A..
9          
10         	Date: October 21, 2025
11         
12         ---------------------------------------------------------------------------------------*/
13         * Define libraries;
14         libname lib 'J:\HCHS\SC\Review\HC3001-HC4000\HC3322\CHAPTER4\SAS' access=readonly;
NOTE: Libref LIB was successfully assigned as follows: 
      Engine:        V9 
      Physical Name: J:\HCHS\SC\Review\HC3001-HC4000\HC3322\CHAPTER4\SAS
15         %include "J:\HCHS\STATISTICS\GRAS\QAngarita\HCHS_methods_V3\scripts\GEE_MI.sas";
214        
215        * Use a DATA statement to convert hh_id to a numerical variable for SUDAAN;
216        data db_sudaan_mi;
217        	set lib.sol_mi_long;
218        	hh_id_num=input(substr(hh_id, 2),8.);
219        run;

NOTE: There were 492450 observations read from the data set LIB.SOL_MI_LONG.
NOTE: The data set WORK.DB_SUDAAN_MI has 492450 observations and 31 variables.
NOTE: DATA statement used (Total process time):
      real time           6.91 seconds
      cpu time            0.06 seconds
      

220        
221        * Call the REGRESS_MI macro to fit the model and obtain estimates ;
222        %GEE_MI(data=db_sudaan_mi,
2                                                          The SAS System                            08:41 Friday, December 12, 2025

223        	strata=strat,
224        	psu=hh_id_num,
225        	weight=weight_final_norm_overall,
226        	response=sbp5,
227        	covars=bmi agegroup_c6 bkgrd1_c7nomiss centernum sex us_born employed education_c3 time,
228        	class= agegroup_c6 bkgrd1_c7nomiss centernum sex us_born employed education_c3,
229        	class_ref= agegroup_c6=6 bkgrd1_c7nomiss=3 centernum=4 sex=0 us_born=0 employed=1 education_c3=1);

NOTE: There were 49245 observations read from the data set WORK.DB_SUDAAN_MI.
      WHERE _imputation_=1;
NOTE: The data set WORK.DB has 49245 observations and 31 variables.
NOTE: DATA statement used (Total process time):
      real time           1.81 seconds
      cpu time            0.06 seconds
      


 
************************************************************
SUDAAN Release 11.0.3, Build 331
SAS-Callable, Individual PC, 32 bit version
Serial Number A0004505 for 5 user(s) is licensed to
UNC-CH (CSCC).
This license expires on October 16, 2026.
************************************************************
 
 
 
 
Opened SAS data file DB for reading.
 
NOTE: SUDAAN sorted the main data set DB by NEST variable(s) STRAT, HH_ID_NUM, observation number for processing.
Note:
 31 records written to file EST_MI_1
NOTE: The PROCEDURE REGRESS printed pages 1-11.
NOTE: PROCEDURE REGRESS used (Total process time):
      real time           2.90 seconds
      cpu time            1.46 seconds
      


NOTE: There were 31 observations read from the data set WORK.EST_MI_1.
NOTE: The data set WORK.BETAS_MI_1 has 31 observations and 7 variables.
NOTE: DATA statement used (Total process time):
      real time           0.15 seconds
      cpu time            0.00 seconds
      


NOTE: There were 49245 observations read from the data set WORK.DB_SUDAAN_MI.
      WHERE _imputation_=2;
NOTE: The data set WORK.DB has 49245 observations and 31 variables.
NOTE: DATA statement used (Total process time):
      real time           1.95 seconds
      cpu time            0.00 seconds
      


3                                                          The SAS System                            08:41 Friday, December 12, 2025

 
************************************************************
SUDAAN Release 11.0.3, Build 331
SAS-Callable, Individual PC, 32 bit version
Serial Number A0004505 for 5 user(s) is licensed to
UNC-CH (CSCC).
This license expires on October 16, 2026.
************************************************************
 
 
 
 
Opened SAS data file DB for reading.
 
NOTE: SUDAAN sorted the main data set DB by NEST variable(s) STRAT, HH_ID_NUM, observation number for processing.
Note:
 31 records written to file EST_MI_2
NOTE: The PROCEDURE REGRESS printed pages 12-22.
NOTE: PROCEDURE REGRESS used (Total process time):
      real time           2.32 seconds
      cpu time            1.39 seconds
      


NOTE: There were 31 observations read from the data set WORK.EST_MI_2.
NOTE: The data set WORK.BETAS_MI_2 has 31 observations and 7 variables.
NOTE: DATA statement used (Total process time):
      real time           0.01 seconds
      cpu time            0.00 seconds
      


NOTE: There were 49245 observations read from the data set WORK.DB_SUDAAN_MI.
      WHERE _imputation_=3;
NOTE: The data set WORK.DB has 49245 observations and 31 variables.
NOTE: DATA statement used (Total process time):
      real time           2.04 seconds
      cpu time            0.00 seconds
      


 
************************************************************
SUDAAN Release 11.0.3, Build 331
SAS-Callable, Individual PC, 32 bit version
Serial Number A0004505 for 5 user(s) is licensed to
UNC-CH (CSCC).
This license expires on October 16, 2026.
************************************************************
 
 
 
 
Opened SAS data file DB for reading.
 
NOTE: SUDAAN sorted the main data set DB by NEST variable(s) STRAT, HH_ID_NUM, observation number for processing.
Note:
 31 records written to file EST_MI_3
4                                                          The SAS System                            08:41 Friday, December 12, 2025

NOTE: The PROCEDURE REGRESS printed pages 23-33.
NOTE: PROCEDURE REGRESS used (Total process time):
      real time           1.85 seconds
      cpu time            1.53 seconds
      


NOTE: There were 31 observations read from the data set WORK.EST_MI_3.
NOTE: The data set WORK.BETAS_MI_3 has 31 observations and 7 variables.
NOTE: DATA statement used (Total process time):
      real time           0.01 seconds
      cpu time            0.00 seconds
      


NOTE: There were 49245 observations read from the data set WORK.DB_SUDAAN_MI.
      WHERE _imputation_=4;
NOTE: The data set WORK.DB has 49245 observations and 31 variables.
NOTE: DATA statement used (Total process time):
      real time           2.16 seconds
      cpu time            0.00 seconds
      


 
************************************************************
SUDAAN Release 11.0.3, Build 331
SAS-Callable, Individual PC, 32 bit version
Serial Number A0004505 for 5 user(s) is licensed to
UNC-CH (CSCC).
This license expires on October 16, 2026.
************************************************************
 
 
 
 
Opened SAS data file DB for reading.
 
NOTE: SUDAAN sorted the main data set DB by NEST variable(s) STRAT, HH_ID_NUM, observation number for processing.
Note:
 31 records written to file EST_MI_4
NOTE: The PROCEDURE REGRESS printed pages 34-44.
NOTE: PROCEDURE REGRESS used (Total process time):
      real time           1.89 seconds
      cpu time            1.29 seconds
      


NOTE: There were 31 observations read from the data set WORK.EST_MI_4.
NOTE: The data set WORK.BETAS_MI_4 has 31 observations and 7 variables.
NOTE: DATA statement used (Total process time):
      real time           0.01 seconds
      cpu time            0.01 seconds
      


NOTE: There were 49245 observations read from the data set WORK.DB_SUDAAN_MI.
      WHERE _imputation_=5;
5                                                          The SAS System                            08:41 Friday, December 12, 2025

NOTE: The data set WORK.DB has 49245 observations and 31 variables.
NOTE: DATA statement used (Total process time):
      real time           1.97 seconds
      cpu time            0.01 seconds
      


 
************************************************************
SUDAAN Release 11.0.3, Build 331
SAS-Callable, Individual PC, 32 bit version
Serial Number A0004505 for 5 user(s) is licensed to
UNC-CH (CSCC).
This license expires on October 16, 2026.
************************************************************
 
 
 
 
Opened SAS data file DB for reading.
 
NOTE: SUDAAN sorted the main data set DB by NEST variable(s) STRAT, HH_ID_NUM, observation number for processing.
Note:
 31 records written to file EST_MI_5
NOTE: The PROCEDURE REGRESS printed pages 45-55.
NOTE: PROCEDURE REGRESS used (Total process time):
      real time           1.94 seconds
      cpu time            1.49 seconds
      


NOTE: There were 31 observations read from the data set WORK.EST_MI_5.
NOTE: The data set WORK.BETAS_MI_5 has 31 observations and 7 variables.
NOTE: DATA statement used (Total process time):
      real time           0.01 seconds
      cpu time            0.00 seconds
      


NOTE: There were 49245 observations read from the data set WORK.DB_SUDAAN_MI.
      WHERE _imputation_=6;
NOTE: The data set WORK.DB has 49245 observations and 31 variables.
NOTE: DATA statement used (Total process time):
      real time           1.74 seconds
      cpu time            0.00 seconds
      


 
************************************************************
SUDAAN Release 11.0.3, Build 331
SAS-Callable, Individual PC, 32 bit version
Serial Number A0004505 for 5 user(s) is licensed to
UNC-CH (CSCC).
This license expires on October 16, 2026.
************************************************************
 
 
6                                                          The SAS System                            08:41 Friday, December 12, 2025

 
 
Opened SAS data file DB for reading.
 
NOTE: SUDAAN sorted the main data set DB by NEST variable(s) STRAT, HH_ID_NUM, observation number for processing.
Note:
 31 records written to file EST_MI_6
NOTE: The PROCEDURE REGRESS printed pages 56-66.
NOTE: PROCEDURE REGRESS used (Total process time):
      real time           1.94 seconds
      cpu time            1.47 seconds
      


NOTE: There were 31 observations read from the data set WORK.EST_MI_6.
NOTE: The data set WORK.BETAS_MI_6 has 31 observations and 7 variables.
NOTE: DATA statement used (Total process time):
      real time           0.00 seconds
      cpu time            0.01 seconds
      


NOTE: There were 49245 observations read from the data set WORK.DB_SUDAAN_MI.
      WHERE _imputation_=7;
NOTE: The data set WORK.DB has 49245 observations and 31 variables.
NOTE: DATA statement used (Total process time):
      real time           1.92 seconds
      cpu time            0.09 seconds
      


 
************************************************************
SUDAAN Release 11.0.3, Build 331
SAS-Callable, Individual PC, 32 bit version
Serial Number A0004505 for 5 user(s) is licensed to
UNC-CH (CSCC).
This license expires on October 16, 2026.
************************************************************
 
 
 
 
Opened SAS data file DB for reading.
 
NOTE: SUDAAN sorted the main data set DB by NEST variable(s) STRAT, HH_ID_NUM, observation number for processing.
Note:
 31 records written to file EST_MI_7
NOTE: The PROCEDURE REGRESS printed pages 67-77.
NOTE: PROCEDURE REGRESS used (Total process time):
      real time           2.05 seconds
      cpu time            1.50 seconds
      


NOTE: There were 31 observations read from the data set WORK.EST_MI_7.
NOTE: The data set WORK.BETAS_MI_7 has 31 observations and 7 variables.
NOTE: DATA statement used (Total process time):
7                                                          The SAS System                            08:41 Friday, December 12, 2025

      real time           0.01 seconds
      cpu time            0.00 seconds
      


NOTE: There were 49245 observations read from the data set WORK.DB_SUDAAN_MI.
      WHERE _imputation_=8;
NOTE: The data set WORK.DB has 49245 observations and 31 variables.
NOTE: DATA statement used (Total process time):
      real time           0.82 seconds
      cpu time            0.03 seconds
      


 
************************************************************
SUDAAN Release 11.0.3, Build 331
SAS-Callable, Individual PC, 32 bit version
Serial Number A0004505 for 5 user(s) is licensed to
UNC-CH (CSCC).
This license expires on October 16, 2026.
************************************************************
 
 
 
 
Opened SAS data file DB for reading.
 
NOTE: SUDAAN sorted the main data set DB by NEST variable(s) STRAT, HH_ID_NUM, observation number for processing.
Note:
 31 records written to file EST_MI_8
NOTE: The PROCEDURE REGRESS printed pages 78-88.
NOTE: PROCEDURE REGRESS used (Total process time):
      real time           1.85 seconds
      cpu time            1.53 seconds
      


NOTE: There were 31 observations read from the data set WORK.EST_MI_8.
NOTE: The data set WORK.BETAS_MI_8 has 31 observations and 7 variables.
NOTE: DATA statement used (Total process time):
      real time           0.00 seconds
      cpu time            0.00 seconds
      


NOTE: There were 49245 observations read from the data set WORK.DB_SUDAAN_MI.
      WHERE _imputation_=9;
NOTE: The data set WORK.DB has 49245 observations and 31 variables.
NOTE: DATA statement used (Total process time):
      real time           1.82 seconds
      cpu time            0.03 seconds
      


 
************************************************************
SUDAAN Release 11.0.3, Build 331
8                                                          The SAS System                            08:41 Friday, December 12, 2025

SAS-Callable, Individual PC, 32 bit version
Serial Number A0004505 for 5 user(s) is licensed to
UNC-CH (CSCC).
This license expires on October 16, 2026.
************************************************************
 
 
 
 
Opened SAS data file DB for reading.
 
NOTE: SUDAAN sorted the main data set DB by NEST variable(s) STRAT, HH_ID_NUM, observation number for processing.
Note:
 31 records written to file EST_MI_9
NOTE: The PROCEDURE REGRESS printed pages 89-99.
NOTE: PROCEDURE REGRESS used (Total process time):
      real time           1.94 seconds
      cpu time            1.48 seconds
      


NOTE: There were 31 observations read from the data set WORK.EST_MI_9.
NOTE: The data set WORK.BETAS_MI_9 has 31 observations and 7 variables.
NOTE: DATA statement used (Total process time):
      real time           0.02 seconds
      cpu time            0.00 seconds
      


NOTE: There were 49245 observations read from the data set WORK.DB_SUDAAN_MI.
      WHERE _imputation_=10;
NOTE: The data set WORK.DB has 49245 observations and 31 variables.
NOTE: DATA statement used (Total process time):
      real time           2.36 seconds
      cpu time            0.01 seconds
      


 
************************************************************
SUDAAN Release 11.0.3, Build 331
SAS-Callable, Individual PC, 32 bit version
Serial Number A0004505 for 5 user(s) is licensed to
UNC-CH (CSCC).
This license expires on October 16, 2026.
************************************************************
 
 
 
 
Opened SAS data file DB for reading.
 
NOTE: SUDAAN sorted the main data set DB by NEST variable(s) STRAT, HH_ID_NUM, observation number for processing.
Note:
 31 records written to file EST_MI_10
NOTE: The PROCEDURE REGRESS printed pages 100-110.
NOTE: PROCEDURE REGRESS used (Total process time):
      real time           2.16 seconds
9                                                          The SAS System                            08:41 Friday, December 12, 2025

      cpu time            1.43 seconds
      


NOTE: There were 31 observations read from the data set WORK.EST_MI_10.
NOTE: The data set WORK.BETAS_MI_10 has 31 observations and 7 variables.
NOTE: DATA statement used (Total process time):
      real time           0.00 seconds
      cpu time            0.00 seconds
      


NOTE: There were 31 observations read from the data set WORK.BETAS_MI_1.
NOTE: There were 31 observations read from the data set WORK.BETAS_MI_10.
NOTE: There were 31 observations read from the data set WORK.BETAS_MI_2.
NOTE: There were 31 observations read from the data set WORK.BETAS_MI_3.
NOTE: There were 31 observations read from the data set WORK.BETAS_MI_4.
NOTE: There were 31 observations read from the data set WORK.BETAS_MI_5.
NOTE: There were 31 observations read from the data set WORK.BETAS_MI_6.
NOTE: There were 31 observations read from the data set WORK.BETAS_MI_7.
NOTE: There were 31 observations read from the data set WORK.BETAS_MI_8.
NOTE: There were 31 observations read from the data set WORK.BETAS_MI_9.
NOTE: The data set WORK.OUTPARMS has 310 observations and 7 variables.
NOTE: DATA statement used (Total process time):
      real time           0.09 seconds
      cpu time            0.01 seconds
      

NOTE: PROCEDURE SQL used (Total process time):
      real time           0.36 seconds
      cpu time            0.00 seconds
      


NOTE: There were 310 observations read from the data set WORK.OUTPARMS.
NOTE: The data set WORK.OUTPARMS has 310 observations and 4 variables.
NOTE: DATA statement used (Total process time):
      real time           0.00 seconds
      cpu time            0.00 seconds
      


NOTE: There were 310 observations read from the data set WORK.OUTPARMS.
NOTE: The data set WORK.OUTPARMS has 310 observations and 4 variables.
NOTE: PROCEDURE SORT used (Total process time):
      real time           0.08 seconds
      cpu time            0.00 seconds
      

WARNING: Within-imputation StdErr is zero for variable  in _Imputation_= 1 in the input PARMS= data set.
WARNING: Within-imputation StdErr is zero for variable  in _Imputation_= 1 in the input PARMS= data set.
WARNING: Within-imputation StdErr is zero for variable  in _Imputation_= 1 in the input PARMS= data set.
WARNING: Within-imputation StdErr is zero for variable  in _Imputation_= 1 in the input PARMS= data set.
WARNING: Within-imputation StdErr is zero for variable  in _Imputation_= 1 in the input PARMS= data set.
WARNING: Within-imputation StdErr is zero for variable  in _Imputation_= 1 in the input PARMS= data set.
WARNING: Within-imputation StdErr is zero for variable  in _Imputation_= 1 in the input PARMS= data set.
WARNING: Within-imputation StdErr is zero for variable  in _Imputation_= 2 in the input PARMS= data set.
WARNING: Within-imputation StdErr is zero for variable  in _Imputation_= 2 in the input PARMS= data set.
10                                                         The SAS System                            08:41 Friday, December 12, 2025

WARNING: Within-imputation StdErr is zero for variable  in _Imputation_= 2 in the input PARMS= data set.
WARNING: Within-imputation StdErr is zero for variable  in _Imputation_= 2 in the input PARMS= data set.
WARNING: Within-imputation StdErr is zero for variable  in _Imputation_= 2 in the input PARMS= data set.
WARNING: Within-imputation StdErr is zero for variable  in _Imputation_= 2 in the input PARMS= data set.
WARNING: Within-imputation StdErr is zero for variable  in _Imputation_= 2 in the input PARMS= data set.
WARNING: Within-imputation StdErr is zero for variable  in _Imputation_= 3 in the input PARMS= data set.
WARNING: Within-imputation StdErr is zero for variable  in _Imputation_= 3 in the input PARMS= data set.
WARNING: Within-imputation StdErr is zero for variable  in _Imputation_= 3 in the input PARMS= data set.
WARNING: Within-imputation StdErr is zero for variable  in _Imputation_= 3 in the input PARMS= data set.
WARNING: Within-imputation StdErr is zero for variable  in _Imputation_= 3 in the input PARMS= data set.
WARNING: Within-imputation StdErr is zero for variable  in _Imputation_= 3 in the input PARMS= data set.
WARNING: Within-imputation StdErr is zero for variable  in _Imputation_= 3 in the input PARMS= data set.
WARNING: Within-imputation StdErr is zero for variable  in _Imputation_= 4 in the input PARMS= data set.
WARNING: Within-imputation StdErr is zero for variable  in _Imputation_= 4 in the input PARMS= data set.
WARNING: Within-imputation StdErr is zero for variable  in _Imputation_= 4 in the input PARMS= data set.
WARNING: Within-imputation StdErr is zero for variable  in _Imputation_= 4 in the input PARMS= data set.
WARNING: Within-imputation StdErr is zero for variable  in _Imputation_= 4 in the input PARMS= data set.
WARNING: Within-imputation StdErr is zero for variable  in _Imputation_= 4 in the input PARMS= data set.
WARNING: Within-imputation StdErr is zero for variable  in _Imputation_= 4 in the input PARMS= data set.
WARNING: Within-imputation StdErr is zero for variable  in _Imputation_= 5 in the input PARMS= data set.
WARNING: Within-imputation StdErr is zero for variable  in _Imputation_= 5 in the input PARMS= data set.
WARNING: Within-imputation StdErr is zero for variable  in _Imputation_= 5 in the input PARMS= data set.
WARNING: Within-imputation StdErr is zero for variable  in _Imputation_= 5 in the input PARMS= data set.
WARNING: Within-imputation StdErr is zero for variable  in _Imputation_= 5 in the input PARMS= data set.
WARNING: Within-imputation StdErr is zero for variable  in _Imputation_= 5 in the input PARMS= data set.
WARNING: Within-imputation StdErr is zero for variable  in _Imputation_= 5 in the input PARMS= data set.
WARNING: Within-imputation StdErr is zero for variable  in _Imputation_= 6 in the input PARMS= data set.
WARNING: Within-imputation StdErr is zero for variable  in _Imputation_= 6 in the input PARMS= data set.
WARNING: Within-imputation StdErr is zero for variable  in _Imputation_= 6 in the input PARMS= data set.
WARNING: Within-imputation StdErr is zero for variable  in _Imputation_= 6 in the input PARMS= data set.
WARNING: Within-imputation StdErr is zero for variable  in _Imputation_= 6 in the input PARMS= data set.
WARNING: Within-imputation StdErr is zero for variable  in _Imputation_= 6 in the input PARMS= data set.
WARNING: Within-imputation StdErr is zero for variable  in _Imputation_= 6 in the input PARMS= data set.
WARNING: Within-imputation StdErr is zero for variable  in _Imputation_= 7 in the input PARMS= data set.
WARNING: Within-imputation StdErr is zero for variable  in _Imputation_= 7 in the input PARMS= data set.
WARNING: Within-imputation StdErr is zero for variable  in _Imputation_= 7 in the input PARMS= data set.
WARNING: Within-imputation StdErr is zero for variable  in _Imputation_= 7 in the input PARMS= data set.
WARNING: Within-imputation StdErr is zero for variable  in _Imputation_= 7 in the input PARMS= data set.
WARNING: Within-imputation StdErr is zero for variable  in _Imputation_= 7 in the input PARMS= data set.
WARNING: Within-imputation StdErr is zero for variable  in _Imputation_= 7 in the input PARMS= data set.
WARNING: Within-imputation StdErr is zero for variable  in _Imputation_= 8 in the input PARMS= data set.
WARNING: Within-imputation StdErr is zero for variable  in _Imputation_= 8 in the input PARMS= data set.
WARNING: Within-imputation StdErr is zero for variable  in _Imputation_= 8 in the input PARMS= data set.
WARNING: Within-imputation StdErr is zero for variable  in _Imputation_= 8 in the input PARMS= data set.
WARNING: Within-imputation StdErr is zero for variable  in _Imputation_= 8 in the input PARMS= data set.
WARNING: Within-imputation StdErr is zero for variable  in _Imputation_= 8 in the input PARMS= data set.
WARNING: Within-imputation StdErr is zero for variable  in _Imputation_= 8 in the input PARMS= data set.
WARNING: Within-imputation StdErr is zero for variable  in _Imputation_= 9 in the input PARMS= data set.
WARNING: Within-imputation StdErr is zero for variable  in _Imputation_= 9 in the input PARMS= data set.
WARNING: Within-imputation StdErr is zero for variable  in _Imputation_= 9 in the input PARMS= data set.
WARNING: Within-imputation StdErr is zero for variable  in _Imputation_= 9 in the input PARMS= data set.
WARNING: Within-imputation StdErr is zero for variable  in _Imputation_= 9 in the input PARMS= data set.
WARNING: Within-imputation StdErr is zero for variable  in _Imputation_= 9 in the input PARMS= data set.
WARNING: Within-imputation StdErr is zero for variable  in _Imputation_= 9 in the input PARMS= data set.
WARNING: Within-imputation StdErr is zero for variable  in _Imputation_= 10 in the input PARMS= data set.
WARNING: Within-imputation StdErr is zero for variable  in _Imputation_= 10 in the input PARMS= data set.
WARNING: Within-imputation StdErr is zero for variable  in _Imputation_= 10 in the input PARMS= data set.
WARNING: Within-imputation StdErr is zero for variable  in _Imputation_= 10 in the input PARMS= data set.
11                                                         The SAS System                            08:41 Friday, December 12, 2025

WARNING: Within-imputation StdErr is zero for variable  in _Imputation_= 10 in the input PARMS= data set.
WARNING: Within-imputation StdErr is zero for variable  in _Imputation_= 10 in the input PARMS= data set.
WARNING: Within-imputation StdErr is zero for variable  in _Imputation_= 10 in the input PARMS= data set.
NOTE: The data set WORK.BETAS_MI has 31 observations and 5 variables.
NOTE: PROCEDURE MIANALYZE used (Total process time):
      real time           0.52 seconds
      cpu time            0.01 seconds
      

NOTE: Deleting WORK.OUTPARMS (memtype=DATA).
NOTE: PROCEDURE DATASETS used (Total process time):
      real time           0.00 seconds
      cpu time            0.00 seconds
      


NOTE: The data set WORK.DATA_OUT has 1 observations and 2 variables.
NOTE: DATA statement used (Total process time):
      real time           0.00 seconds
      cpu time            0.00 seconds
      


NOTE: The data set WORK._TEMP has 1 observations and 2 variables.
NOTE: DATA statement used (Total process time):
      real time           0.01 seconds
      cpu time            0.00 seconds
      


NOTE: Appending WORK._TEMP to WORK.DATA_OUT.
NOTE: There were 1 observations read from the data set WORK._TEMP.
NOTE: 1 observations added.
NOTE: The data set WORK.DATA_OUT has 2 observations and 2 variables.
NOTE: PROCEDURE APPEND used (Total process time):
      real time           0.07 seconds
      cpu time            0.00 seconds
      


NOTE: Deleting WORK._TEMP (memtype=DATA).
NOTE: PROCEDURE DATASETS used (Total process time):
      real time           0.00 seconds
      cpu time            0.01 seconds
      


NOTE: There were 2 observations read from the data set WORK.DATA_OUT.
NOTE: The data set WORK.DATA_OUT has 2 observations and 3 variables.
NOTE: DATA statement used (Total process time):
      real time           0.00 seconds
      cpu time            0.00 seconds
      

NOTE: Table WORK._TEMP created, with 6 rows and 2 columns.

NOTE: PROCEDURE SQL used (Total process time):
      real time           3.31 seconds
12                                                         The SAS System                            08:41 Friday, December 12, 2025

      cpu time            0.06 seconds
      


NOTE: Appending WORK._TEMP to WORK.DATA_OUT.
WARNING: Variable Parm was not found on DATA file.
NOTE: There were 6 observations read from the data set WORK._TEMP.
NOTE: 6 observations added.
NOTE: The data set WORK.DATA_OUT has 8 observations and 3 variables.
NOTE: PROCEDURE APPEND used (Total process time):
      real time           0.00 seconds
      cpu time            0.00 seconds
      


NOTE: Deleting WORK._TEMP (memtype=DATA).
NOTE: PROCEDURE DATASETS used (Total process time):
      real time           0.01 seconds
      cpu time            0.00 seconds
      


NOTE: There were 8 observations read from the data set WORK.DATA_OUT.
NOTE: The data set WORK.DATA_OUT has 8 observations and 3 variables.
NOTE: DATA statement used (Total process time):
      real time           0.01 seconds
      cpu time            0.00 seconds
      

NOTE: Table WORK._TEMP created, with 7 rows and 2 columns.

NOTE: PROCEDURE SQL used (Total process time):
      real time           4.03 seconds
      cpu time            0.07 seconds
      


NOTE: Appending WORK._TEMP to WORK.DATA_OUT.
WARNING: Variable Parm was not found on DATA file.
NOTE: There were 7 observations read from the data set WORK._TEMP.
NOTE: 7 observations added.
NOTE: The data set WORK.DATA_OUT has 15 observations and 3 variables.
NOTE: PROCEDURE APPEND used (Total process time):
      real time           0.00 seconds
      cpu time            0.00 seconds
      


NOTE: Deleting WORK._TEMP (memtype=DATA).
NOTE: PROCEDURE DATASETS used (Total process time):
      real time           0.00 seconds
      cpu time            0.00 seconds
      


NOTE: There were 15 observations read from the data set WORK.DATA_OUT.
NOTE: The data set WORK.DATA_OUT has 15 observations and 3 variables.
NOTE: DATA statement used (Total process time):
13                                                         The SAS System                            08:41 Friday, December 12, 2025

      real time           0.00 seconds
      cpu time            0.00 seconds
      

NOTE: Table WORK._TEMP created, with 4 rows and 2 columns.

NOTE: PROCEDURE SQL used (Total process time):
      real time           3.36 seconds
      cpu time            0.06 seconds
      


NOTE: Appending WORK._TEMP to WORK.DATA_OUT.
WARNING: Variable Parm was not found on DATA file.
NOTE: There were 4 observations read from the data set WORK._TEMP.
NOTE: 4 observations added.
NOTE: The data set WORK.DATA_OUT has 19 observations and 3 variables.
NOTE: PROCEDURE APPEND used (Total process time):
      real time           0.00 seconds
      cpu time            0.00 seconds
      


NOTE: Deleting WORK._TEMP (memtype=DATA).
NOTE: PROCEDURE DATASETS used (Total process time):
      real time           0.00 seconds
      cpu time            0.00 seconds
      


NOTE: There were 19 observations read from the data set WORK.DATA_OUT.
NOTE: The data set WORK.DATA_OUT has 19 observations and 3 variables.
NOTE: DATA statement used (Total process time):
      real time           0.00 seconds
      cpu time            0.00 seconds
      

NOTE: Table WORK._TEMP created, with 2 rows and 2 columns.

NOTE: PROCEDURE SQL used (Total process time):
      real time           2.27 seconds
      cpu time            0.09 seconds
      


NOTE: Appending WORK._TEMP to WORK.DATA_OUT.
WARNING: Variable Parm was not found on DATA file.
NOTE: There were 2 observations read from the data set WORK._TEMP.
NOTE: 2 observations added.
NOTE: The data set WORK.DATA_OUT has 21 observations and 3 variables.
NOTE: PROCEDURE APPEND used (Total process time):
      real time           0.01 seconds
      cpu time            0.00 seconds
      


NOTE: Deleting WORK._TEMP (memtype=DATA).
NOTE: PROCEDURE DATASETS used (Total process time):
14                                                         The SAS System                            08:41 Friday, December 12, 2025

      real time           0.00 seconds
      cpu time            0.00 seconds
      


NOTE: There were 21 observations read from the data set WORK.DATA_OUT.
NOTE: The data set WORK.DATA_OUT has 21 observations and 3 variables.
NOTE: DATA statement used (Total process time):
      real time           0.00 seconds
      cpu time            0.00 seconds
      

NOTE: Table WORK._TEMP created, with 2 rows and 2 columns.

NOTE: PROCEDURE SQL used (Total process time):
      real time           0.22 seconds
      cpu time            0.23 seconds
      


NOTE: Appending WORK._TEMP to WORK.DATA_OUT.
WARNING: Variable Parm was not found on DATA file.
NOTE: There were 2 observations read from the data set WORK._TEMP.
NOTE: 2 observations added.
NOTE: The data set WORK.DATA_OUT has 23 observations and 3 variables.
NOTE: PROCEDURE APPEND used (Total process time):
      real time           0.00 seconds
      cpu time            0.00 seconds
      


NOTE: Deleting WORK._TEMP (memtype=DATA).
NOTE: PROCEDURE DATASETS used (Total process time):
      real time           0.00 seconds
      cpu time            0.00 seconds
      


NOTE: There were 23 observations read from the data set WORK.DATA_OUT.
NOTE: The data set WORK.DATA_OUT has 23 observations and 3 variables.
NOTE: DATA statement used (Total process time):
      real time           0.01 seconds
      cpu time            0.01 seconds
      

NOTE: Table WORK._TEMP created, with 4 rows and 2 columns.

NOTE: PROCEDURE SQL used (Total process time):
      real time           0.22 seconds
      cpu time            0.18 seconds
      


NOTE: Appending WORK._TEMP to WORK.DATA_OUT.
WARNING: Variable Parm was not found on DATA file.
NOTE: There were 4 observations read from the data set WORK._TEMP.
NOTE: 4 observations added.
NOTE: The data set WORK.DATA_OUT has 27 observations and 3 variables.
15                                                         The SAS System                            08:41 Friday, December 12, 2025

NOTE: PROCEDURE APPEND used (Total process time):
      real time           0.00 seconds
      cpu time            0.00 seconds
      


NOTE: Deleting WORK._TEMP (memtype=DATA).
NOTE: PROCEDURE DATASETS used (Total process time):
      real time           0.00 seconds
      cpu time            0.00 seconds
      


NOTE: There were 27 observations read from the data set WORK.DATA_OUT.
NOTE: The data set WORK.DATA_OUT has 27 observations and 3 variables.
NOTE: DATA statement used (Total process time):
      real time           0.00 seconds
      cpu time            0.00 seconds
      

NOTE: Table WORK._TEMP created, with 3 rows and 2 columns.

NOTE: PROCEDURE SQL used (Total process time):
      real time           0.25 seconds
      cpu time            0.21 seconds
      


NOTE: Appending WORK._TEMP to WORK.DATA_OUT.
WARNING: Variable Parm was not found on DATA file.
NOTE: There were 3 observations read from the data set WORK._TEMP.
NOTE: 3 observations added.
NOTE: The data set WORK.DATA_OUT has 30 observations and 3 variables.
NOTE: PROCEDURE APPEND used (Total process time):
      real time           0.00 seconds
      cpu time            0.00 seconds
      


NOTE: Deleting WORK._TEMP (memtype=DATA).
NOTE: PROCEDURE DATASETS used (Total process time):
      real time           0.00 seconds
      cpu time            0.00 seconds
      


NOTE: There were 30 observations read from the data set WORK.DATA_OUT.
NOTE: The data set WORK.DATA_OUT has 30 observations and 3 variables.
NOTE: DATA statement used (Total process time):
      real time           0.00 seconds
      cpu time            0.01 seconds
      


NOTE: The data set WORK._TEMP has 1 observations and 2 variables.
NOTE: DATA statement used (Total process time):
      real time           0.02 seconds
      cpu time            0.00 seconds
16                                                         The SAS System                            08:41 Friday, December 12, 2025

      


NOTE: Appending WORK._TEMP to WORK.DATA_OUT.
WARNING: Variable Parm was not found on DATA file.
NOTE: There were 1 observations read from the data set WORK._TEMP.
NOTE: 1 observations added.
NOTE: The data set WORK.DATA_OUT has 31 observations and 3 variables.
NOTE: PROCEDURE APPEND used (Total process time):
      real time           0.01 seconds
      cpu time            0.00 seconds
      


NOTE: Deleting WORK._TEMP (memtype=DATA).
NOTE: PROCEDURE DATASETS used (Total process time):
      real time           0.00 seconds
      cpu time            0.00 seconds
      


NOTE: There were 31 observations read from the data set WORK.DATA_OUT.
NOTE: The data set WORK.DATA_OUT has 31 observations and 3 variables.
NOTE: DATA statement used (Total process time):
      real time           0.00 seconds
      cpu time            0.00 seconds
      


NOTE: There were 31 observations read from the data set WORK.BETAS_MI.
NOTE: The data set WORK.BETAS_MI has 31 observations and 5 variables.
NOTE: PROCEDURE SORT used (Total process time):
      real time           0.00 seconds
      cpu time            0.01 seconds
      


NOTE: There were 31 observations read from the data set WORK.DATA_OUT.
NOTE: The data set WORK.DATA_OUT has 31 observations and 3 variables.
NOTE: PROCEDURE SORT used (Total process time):
      real time           0.01 seconds
      cpu time            0.00 seconds
      


NOTE: There were 31 observations read from the data set WORK.DATA_OUT.
NOTE: There were 31 observations read from the data set WORK.BETAS_MI.
NOTE: The data set WORK.BETAS_OUT has 31 observations and 6 variables.
NOTE: DATA statement used (Total process time):
      real time           0.07 seconds
      cpu time            0.00 seconds
      


NOTE: There were 31 observations read from the data set WORK.BETAS_OUT.
NOTE: The data set WORK.BETAS_OUT has 31 observations and 6 variables.
NOTE: PROCEDURE SORT used (Total process time):
      real time           0.01 seconds
17                                                         The SAS System                            08:41 Friday, December 12, 2025

      cpu time            0.00 seconds
      

1: LINE and COLUMN cannot be determined.
NOTE: NOSPOOL is on. Rerunning with OPTION SPOOL might allow recovery of the LINE and COLUMN where the error has occurred.
WARNING 1-322: Assuming the symbol NOOBS was misspelled as nobs.

NOTE: There were 31 observations read from the data set WORK.BETAS_OUT.
NOTE: The PROCEDURE PRINT printed page 111.
NOTE: PROCEDURE PRINT used (Total process time):
      real time           0.15 seconds
      cpu time            0.00 seconds
      

230        

ERROR: Errors printed on page 17.

NOTE: SAS Institute Inc., SAS Campus Drive, Cary, NC USA 27513-2414
NOTE: The SAS System used:
      real time           4:45.90
      cpu time            16.20 seconds
      
