                                                           The SAS System                        08:47 Friday, December 12, 2025   1

 
 
                                  S U D A A N
            Software for the Statistical Analysis of Correlated Data
          Copyright       Research Triangle Institute       March 2018
                                 Release 11.0.3
 
 
DESIGN SUMMARY: Variances will be computed using the Taylor Linearization Method, Assuming a With Replacement (WR) Design
    Sample Weight: WEIGHT_EXAMONLY_IPW_V3
    Stratification Variables(s): STRAT
    Primary Sampling Unit: HH_ID_NUM
 
 
Number of observations read       :  25740    Weighted count:  2976473
Number of observations skipped    :  23505
(WEIGHT variable nonpositive)
Observations in subpopulation     :  25740    Weighted count:  2976473
Observations used in the analysis :  25017    Weighted count:  2604130
Denominator degrees of freedom    :   5932
 
 
Maximum number of estimable parameters for the model is 24
 
File C:\Users\ACQUIJ~1\AppData\Local\Temp\SUDTEMP1765547296\DB_CONT_IPW.SDN contains 5952 Clusters
5952 clusters were used to fit the model
Maximum cluster size is  27 records
Minimum cluster size is   2 records
 
Weighted mean response is 121.516434
 
 
Multiple R-Square for the dependent variable SBP5: 0.317261
                                                                                                                                    
                                                                                                                                    
                                                                                                                                    
Date: 12-12-2025                                               SUDAAN                                                    Page:  1   
Time: 08:48:15                                                                                                           Table: 1   
                                                                                                                                    
Frequencies and Values for CLASS Variables                                                                                          
by: 6-level Age Sub-groups.                                                                                                         
                                                                                                                                    
----------------------------------                                                                                                  
6-level Age                                                                                                                         
  Sub-groups    Frequency    Value                                                                                                  
----------------------------------                                                                                                  
Ordered                                                                                                                             
  Position:                                                                                                                         
  1                  1734        1                                                                                                  
Ordered                                                                                                                             
  Position:                                                                                                                         
  2                  2799        2                                                                                                  
Ordered                                                                                                                             
  Position:                                                                                                                         
  3                  4935        3                                                                                                  
Ordered                                                                                                                             
  Position:                                                                                                                         
  4                  9102        4                                                                                                  
Ordered                                                                                                                             
  Position:                                                                                                                         
  5                  5709        5                                                                                                  
Ordered                                                                                                                             
  Position:                                                                                                                         
  6                  1461        6                                                                                                  
----------------------------------                                                                                                  
                                                                                                                                    
                                                                                                                                    
                                                                                                                                    
Date: 12-12-2025                                               SUDAAN                                                    Page:  2   
Time: 08:48:15                                                                                                           Table: 1   
                                                                                                                                    
Frequencies and Values for CLASS Variables                                                                                          
by: BKGRD1_C7NOMISS.                                                                                                                
                                                                                                                                    
----------------------------------                                                                                                  
BKGRD1_C7NO-                                                                                                                        
  MISS          Frequency    Value                                                                                                  
----------------------------------                                                                                                  
Ordered                                                                                                                             
  Position:                                                                                                                         
  1                  2253        0                                                                                                  
Ordered                                                                                                                             
  Position:                                                                                                                         
  2                  2841        1                                                                                                  
Ordered                                                                                                                             
  Position:                                                                                                                         
  3                  3705        2                                                                                                  
Ordered                                                                                                                             
  Position:                                                                                                                         
  4                 10641        3                                                                                                  
Ordered                                                                                                                             
  Position:                                                                                                                         
  5                  3705        4                                                                                                  
Ordered                                                                                                                             
  Position:                                                                                                                         
  6                  1893        5                                                                                                  
Ordered                                                                                                                             
  Position:                                                                                                                         
  7                   702        6                                                                                                  
----------------------------------                                                                                                  
                                                                                                                                    
                                                                                                                                    
                                                                                                                                    
Date: 12-12-2025                                               SUDAAN                                                    Page:  3   
Time: 08:48:15                                                                                                           Table: 1   
                                                                                                                                    
Frequencies and Values for CLASS Variables                                                                                          
by: Participant's Field Center - numeric.                                                                                           
                                                                                                                                    
----------------------------------                                                                                                  
Participant-                                                                                                                        
  's Field                                                                                                                          
  Center -                                                                                                                          
  numeric       Frequency    Value                                                                                                  
----------------------------------                                                                                                  
Ordered                                                                                                                             
  Position:                                                                                                                         
  1                  5475        1                                                                                                  
Ordered                                                                                                                             
  Position:                                                                                                                         
  2                  7299        2                                                                                                  
Ordered                                                                                                                             
  Position:                                                                                                                         
  3                  6582        3                                                                                                  
Ordered                                                                                                                             
  Position:                                                                                                                         
  4                  6384        4                                                                                                  
----------------------------------                                                                                                  
                                                                                                                                    
                                                                                                                                    
                                                                                                                                    
Date: 12-12-2025                                               SUDAAN                                                    Page:  4   
Time: 08:48:15                                                                                                           Table: 1   
                                                                                                                                    
Frequencies and Values for CLASS Variables                                                                                          
by: Sex.                                                                                                                            
                                                                                                                                    
----------------------------------                                                                                                  
Sex             Frequency    Value                                                                                                  
----------------------------------                                                                                                  
Ordered                                                                                                                             
  Position:                                                                                                                         
  1                 16692        0                                                                                                  
Ordered                                                                                                                             
  Position:                                                                                                                         
  2                  9048        1                                                                                                  
----------------------------------                                                                                                  
                                                                                                                                    
                                                                                                                                    
                                                                                                                                    
Date: 12-12-2025                                               SUDAAN                                                    Page:  5   
Time: 08:48:15                                                                                                           Table: 1   
                                                                                                                                    
Frequencies and Values for CLASS Variables                                                                                          
by: Born in mainland US (50 States + DC).                                                                                           
                                                                                                                                    
----------------------------------                                                                                                  
Born in                                                                                                                             
  mainland                                                                                                                          
  US (50                                                                                                                            
  States +                                                                                                                          
  DC)           Frequency    Value                                                                                                  
----------------------------------                                                                                                  
Ordered                                                                                                                             
  Position:                                                                                                                         
  1                 21912        0                                                                                                  
Ordered                                                                                                                             
  Position:                                                                                                                         
  2                  3828        1                                                                                                  
----------------------------------                                                                                                  
                                                                                                                                    
                                                                                                                                    
                                                                                                                                    
Date: 12-12-2025                                               SUDAAN                                                    Page:  6   
Time: 08:48:15                                                                                                           Table: 1   
                                                                                                                                    
Frequencies and Values for CLASS Variables                                                                                          
by: Employment Status (includes retirees).                                                                                          
                                                                                                                                    
----------------------------------                                                                                                  
Employment                                                                                                                          
  Status                                                                                                                            
  (includes                                                                                                                         
  retirees)     Frequency    Value                                                                                                  
----------------------------------                                                                                                  
Ordered                                                                                                                             
  Position:                                                                                                                         
  1                  1941        1                                                                                                  
Ordered                                                                                                                             
  Position:                                                                                                                         
  2                  9909        2                                                                                                  
Ordered                                                                                                                             
  Position:                                                                                                                         
  3                  4626        3                                                                                                  
Ordered                                                                                                                             
  Position:                                                                                                                         
  4                  9264        4                                                                                                  
----------------------------------                                                                                                  
                                                                                                                                    
                                                                                                                                    
                                                                                                                                    
Date: 12-12-2025                                               SUDAAN                                                    Page:  7   
Time: 08:48:15                                                                                                           Table: 1   
                                                                                                                                    
Frequencies and Values for CLASS Variables                                                                                          
by: Education Status (3 levels).                                                                                                    
                                                                                                                                    
----------------------------------                                                                                                  
Education                                                                                                                           
  Status (3                                                                                                                         
  levels)       Frequency    Value                                                                                                  
----------------------------------                                                                                                  
Ordered                                                                                                                             
  Position:                                                                                                                         
  1                  9288        1                                                                                                  
Ordered                                                                                                                             
  Position:                                                                                                                         
  2                  6480        2                                                                                                  
Ordered                                                                                                                             
  Position:                                                                                                                         
  3                  9972        3                                                                                                  
----------------------------------                                                                                                  
                                                                                                                                    
                                                                                                                                    
                                                                                                                                    
Date: 12-12-2025                                               SUDAAN                                                    Page:  8   
Time: 08:48:15                                                                                                           Table: 1   
                                                                                                                                    
Variance Estimation Method: Taylor Series (WR)                                                                                      
SE Method: Robust (Zeger-Liang, 1986)                                                                                               
Working Correlations: Independent                                                                                                   
Link Function: Identity                                                                                                             
Response variable SBP5: SBP5                                                                                                        
For Subpopulation: PARTICIPANT_EXAMONLY_V3 = 1                                                                                      
by: Independent Variables and Effects.                                                                                              
                                                                                                                                    
---------------------------------------------------------------------------                                                         
Independent Variables and                                                                                                           
  Effects                     Estimate        (S.E)      t value    p-value                                                         
---------------------------------------------------------------------------                                                         
Intercept                      126.440        1.637       77.241      0.000                                                         
BMI                              0.183        0.034        5.416      0.000                                                         
6-level Age Sub-groups                                                                                                              
  1                            -26.020        1.496      -17.396      0.000                                                         
  2                            -24.049        1.432      -16.795      0.000                                                         
  3                            -18.958        1.415      -13.399      0.000                                                         
  4                            -12.154        1.378       -8.818      0.000                                                         
  5                             -6.494        1.340       -4.847      0.000                                                         
  6                              0.000        0.000         .          .                                                            
BKGRD1_C7NOMISS                                                                                                                     
  0                              2.009        0.966        2.079      0.038                                                         
  1                              1.164        0.821        1.418      0.156                                                         
  2                              0.878        0.973        0.903      0.367                                                         
  3                              0.000        0.000         .          .                                                            
  4                              1.367        0.979        1.397      0.163                                                         
  5                             -1.519        0.941       -1.613      0.107                                                         
  6                              1.062        0.958        1.108      0.268                                                         
Participant's Field                                                                                                                 
  Center - numeric                                                                                                                  
  1                              1.329        0.934        1.423      0.155                                                         
  2                             -1.035        0.634       -1.632      0.103                                                         
  3                              6.049        0.915        6.610      0.000                                                         
  4                              0.000        0.000         .          .                                                            
Sex                                                                                                                                 
  0                              0.000        0.000         .          .                                                            
  1                              5.293        0.499       10.617      0.000                                                         
Born in mainland US (50                                                                                                             
  States + DC)                                                                                                                      
  0                              0.000        0.000         .          .                                                            
  1                              0.108        0.641        0.168      0.866                                                         
Employment Status                                                                                                                   
  (includes retirees)                                                                                                               
  1                              0.000        0.000         .          .                                                            
  2                             -0.167        1.330       -0.125      0.900                                                         
  3                             -1.226        1.348       -0.909      0.363                                                         
  4                              0.627        1.314        0.477      0.633                                                         
Education Status (3                                                                                                                 
  levels)                                                                                                                           
  1                              0.000        0.000         .          .                                                            
  2                             -1.504        0.594       -2.532      0.011                                                         
---------------------------------------------------------------------------                                                         
                                                                                                                                    
                                                                                                                                    
                                                                                                                                    
Date: 12-12-2025                                               SUDAAN                                                    Page:  9   
Time: 08:48:15                                                                                                           Table: 1   
                                                                                                                                    
Variance Estimation Method: Taylor Series (WR)                                                                                      
SE Method: Robust (Zeger-Liang, 1986)                                                                                               
Working Correlations: Independent                                                                                                   
Link Function: Identity                                                                                                             
Response variable SBP5: SBP5                                                                                                        
For Subpopulation: PARTICIPANT_EXAMONLY_V3 = 1                                                                                      
by: Independent Variables and Effects.                                                                                              
                                                                                                                                    
---------------------------------------------------------------------------                                                         
Independent Variables and                                                                                                           
  Effects                     Estimate        (S.E)      t value    p-value                                                         
---------------------------------------------------------------------------                                                         
Education Status (3                                                                                                                 
  levels)                                                                                                                           
  3                             -3.220        0.589       -5.469      0.000                                                         
TIME                             0.464        0.029       16.130      0.000                                                         
---------------------------------------------------------------------------                                                         
