1                                                          The SAS System                          16:55 Wednesday, December 3, 2025

NOTE: Copyright (c) 2002-2012 by SAS Institute Inc., Cary, NC, USA. 
NOTE: SAS (r) Proprietary Software 9.4 (TS1M4) 
      Licensed to UNIVERSITY OF NORTH CAROLINA CHAPEL HILL - SFA T&R, Site 70022629.
NOTE: This session is executing on the W32_10PRO  platform.



NOTE: Updated analytical products:
      
      SAS/STAT 14.2
      SAS/ETS 14.2
      SAS/OR 14.2
      SAS/IML 14.2
      SAS/QC 14.2

NOTE: Additional host information:

 W32_10PRO WIN 10.0.22621  Workstation

NOTE: SAS initialization used:
      real time           4.73 seconds
      cpu time            0.09 seconds
      
1          /*---------------------------------------------------------------------------------------
2          
3          Program: s6_sudaan_bin.sas
4          
5          Purpose: Fit a GEE model for binary outcomes using SUDAAN's REGRESS procedure
6          for the sull sample and considering visit-specific sampling weights
7          
8          Author: Quijano-Angarita, A..
9          
10         Date: 11nov25
11         
12         ---------------------------------------------------------------------------------------*/
13         * Define libraries;
14         libname lib 'J:\HCHS\SC\Review\HC3001-HC4000\HC3322\CHAPTER5\SAS' access=readonly;
NOTE: Libref LIB was successfully assigned as follows: 
      Engine:        V9 
      Physical Name: J:\HCHS\SC\Review\HC3001-HC4000\HC3322\CHAPTER5\SAS
15         
16         * Use a DATA statment to convert hh_id to a numerical variable for SUDAAN;
17         data db_ipw_byvisit;
18         	set lib.sol_ipw_long ;
19         	hh_id_num=input(substr(hh_id, 2),8.);
20         	if ^missing(weight_ipw_by_visit);
21         run;

NOTE: There were 49245 observations read from the data set LIB.SOL_IPW_LONG.
NOTE: The data set WORK.DB_IPW_BYVISIT has 36123 observations and 39 variables.
NOTE: DATA statement used (Total process time):
      real time           1.11 seconds
      cpu time            0.00 seconds
      

22         
23         * Fit SUDAAN analysis;
24         proc rlogist data=db_ipw_byvisit filetype=sas r=independent semethod=zeger
2                                                          The SAS System                          16:55 Wednesday, December 3, 2025

25         	notsorted;
26         	nest strat hh_id_num;
27         	weight weight_ipw_by_visit;
28         	class agegroup_c6 bkgrd1_c7nomiss centernum sex us_born employed
29         		education_c3;
30         	model hypertension2=bmi agegroup_c6 bkgrd1_c7nomiss centernum sex us_born
31         		employed education_c3 time;
32         	reflevel agegroup_c6=6 bkgrd1_c7nomiss=3 centernum=4 sex=0 us_born=0
33         		employed=1 education_c3=1;
34         	setenv labwidth=25 decwidth=3;
35         	print beta="Estimate" sebeta="(S.E)" t_beta="t value" p_beta="p-value";
36         run;

 
************************************************************
SUDAAN Release 11.0.3, Build 331
SAS-Callable, Individual PC, 32 bit version
Serial Number A0004505 for 5 user(s) is licensed to
UNC-CH (CSCC).
This license expires on October 16, 2026.
************************************************************
 
 
 
 
Opened SAS data file DB_IPW_BYVISIT for reading.
 
NOTE: SUDAAN sorted the main data set DB_IPW_BYVISIT by NEST variable(s) STRAT, HH_ID_NUM, observation number for processing.
NOTE: The PROCEDURE RLOGIST printed pages 1-9.
NOTE: PROCEDURE RLOGIST used (Total process time):
      real time           1.69 seconds
      cpu time            1.20 seconds
      

NOTE: SAS Institute Inc., SAS Campus Drive, Cary, NC USA 27513-2414
NOTE: The SAS System used:
      real time           8.79 seconds
      cpu time            1.31 seconds
      
